{"/Users/franky/workspace/CSCA5028/dmarc_reporter/incoming-email/.aws-sam/build/SNSPayloadLogger/src/handlers/database.js": {"path":"/Users/franky/workspace/CSCA5028/dmarc_reporter/incoming-email/.aws-sam/build/SNSPayloadLogger/src/handlers/database.js","statementMap":{"0":{"start":{"line":8,"column":15},"end":{"line":10,"column":2}},"1":{"start":{"line":12,"column":15},"end":{"line":14,"column":3}},"2":{"start":{"line":16,"column":15},"end":{"line":16,"column":48}},"3":{"start":{"line":18,"column":13},"end":{"line":29,"column":2}},"4":{"start":{"line":30,"column":0},"end":{"line":30,"column":16}},"5":{"start":{"line":34,"column":2},"end":{"line":34,"column":18}},"6":{"start":{"line":40,"column":2},"end":{"line":40,"column":16}}},"fnMap":{"0":{"name":"(anonymous_0)","decl":{"start":{"line":33,"column":1},"end":{"line":33,"column":2}},"loc":{"start":{"line":33,"column":24},"end":{"line":35,"column":2}},"line":33},"1":{"name":"(anonymous_1)","decl":{"start":{"line":39,"column":1},"end":{"line":39,"column":2}},"loc":{"start":{"line":39,"column":24},"end":{"line":41,"column":2}},"line":39}},"branchMap":{},"s":{"0":1,"1":1,"2":1,"3":1,"4":1,"5":0,"6":0},"f":{"0":0,"1":0},"b":{},"_coverageSchema":"1a1c01bbd47fc00a2c39e90264f33305004495a9","hash":"06a2ed4ceb1f7c4e8e2e79bda9eba2342ee3fe8e"}
,"/Users/franky/workspace/CSCA5028/dmarc_reporter/incoming-email/.aws-sam/build/SNSPayloadLogger/src/handlers/sns-payload-logger.mjs": {"path":"/Users/franky/workspace/CSCA5028/dmarc_reporter/incoming-email/.aws-sam/build/SNSPayloadLogger/src/handlers/sns-payload-logger.mjs","statementMap":{"0":{"start":{"line":7,"column":39},"end":{"line":29,"column":1}},"1":{"start":{"line":8,"column":1},"end":{"line":8,"column":37}},"2":{"start":{"line":10,"column":12},"end":{"line":10,"column":66}},"3":{"start":{"line":12,"column":14},"end":{"line":12,"column":38}},"4":{"start":{"line":15,"column":18},"end":{"line":15,"column":46}},"5":{"start":{"line":16,"column":18},"end":{"line":16,"column":44}},"6":{"start":{"line":19,"column":11},"end":{"line":19,"column":50}},"7":{"start":{"line":21,"column":1},"end":{"line":27,"column":2}},"8":{"start":{"line":23,"column":17},"end":{"line":23,"column":56}},"9":{"start":{"line":24,"column":2},"end":{"line":24,"column":33}},"10":{"start":{"line":26,"column":2},"end":{"line":26,"column":91}},"11":{"start":{"line":32,"column":1},"end":{"line":55,"column":2}},"12":{"start":{"line":33,"column":2},"end":{"line":33,"column":32}},"13":{"start":{"line":34,"column":2},"end":{"line":43,"column":3}},"14":{"start":{"line":35,"column":3},"end":{"line":42,"column":4}},"15":{"start":{"line":36,"column":4},"end":{"line":36,"column":41}},"16":{"start":{"line":37,"column":18},"end":{"line":37,"column":76}},"17":{"start":{"line":38,"column":4},"end":{"line":38,"column":53}},"18":{"start":{"line":40,"column":4},"end":{"line":40,"column":20}},"19":{"start":{"line":41,"column":4},"end":{"line":41,"column":11}},"20":{"start":{"line":44,"column":2},"end":{"line":49,"column":3}},"21":{"start":{"line":45,"column":3},"end":{"line":45,"column":39}},"22":{"start":{"line":46,"column":18},"end":{"line":46,"column":48}},"23":{"start":{"line":47,"column":17},"end":{"line":47,"column":44}},"24":{"start":{"line":48,"column":3},"end":{"line":48,"column":26}},"25":{"start":{"line":50,"column":2},"end":{"line":53,"column":3}},"26":{"start":{"line":51,"column":3},"end":{"line":51,"column":43}},"27":{"start":{"line":52,"column":3},"end":{"line":52,"column":49}},"28":{"start":{"line":54,"column":2},"end":{"line":54,"column":29}},"29":{"start":{"line":59,"column":13},"end":{"line":59,"column":43}},"30":{"start":{"line":61,"column":1},"end":{"line":115,"column":2}},"31":{"start":{"line":62,"column":19},"end":{"line":62,"column":34}},"32":{"start":{"line":63,"column":19},"end":{"line":63,"column":46}},"33":{"start":{"line":64,"column":17},"end":{"line":64,"column":45}},"34":{"start":{"line":66,"column":19},"end":{"line":66,"column":116}},"35":{"start":{"line":67,"column":17},"end":{"line":67,"column":112}},"36":{"start":{"line":69,"column":14},"end":{"line":69,"column":27}},"37":{"start":{"line":70,"column":2},"end":{"line":82,"column":5}},"38":{"start":{"line":84,"column":2},"end":{"line":107,"column":3}},"39":{"start":{"line":85,"column":14},"end":{"line":85,"column":62}},"40":{"start":{"line":86,"column":14},"end":{"line":86,"column":62}},"41":{"start":{"line":88,"column":14},"end":{"line":88,"column":61}},"42":{"start":{"line":89,"column":14},"end":{"line":89,"column":61}},"43":{"start":{"line":93,"column":3},"end":{"line":106,"column":6}},"44":{"start":{"line":109,"column":2},"end":{"line":109,"column":20}},"45":{"start":{"line":110,"column":2},"end":{"line":110,"column":53}},"46":{"start":{"line":112,"column":2},"end":{"line":112,"column":22}},"47":{"start":{"line":113,"column":2},"end":{"line":113,"column":64}},"48":{"start":{"line":114,"column":2},"end":{"line":114,"column":13}}},"fnMap":{"0":{"name":"(anonymous_0)","decl":{"start":{"line":7,"column":39},"end":{"line":7,"column":40}},"loc":{"start":{"line":7,"column":65},"end":{"line":29,"column":1}},"line":7},"1":{"name":"mimeProcessor","decl":{"start":{"line":31,"column":22},"end":{"line":31,"column":35}},"loc":{"start":{"line":31,"column":46},"end":{"line":56,"column":1}},"line":31},"2":{"name":"insertDMARCReport","decl":{"start":{"line":58,"column":15},"end":{"line":58,"column":32}},"loc":{"start":{"line":58,"column":41},"end":{"line":116,"column":1}},"line":58}},"branchMap":{"0":{"loc":{"start":{"line":21,"column":1},"end":{"line":27,"column":2}},"type":"if","locations":[{"start":{"line":21,"column":1},"end":{"line":27,"column":2}},{"start":{"line":25,"column":8},"end":{"line":27,"column":2}}],"line":21},"1":{"loc":{"start":{"line":34,"column":2},"end":{"line":43,"column":3}},"type":"if","locations":[{"start":{"line":34,"column":2},"end":{"line":43,"column":3}},{"start":{},"end":{}}],"line":34},"2":{"loc":{"start":{"line":44,"column":2},"end":{"line":49,"column":3}},"type":"if","locations":[{"start":{"line":44,"column":2},"end":{"line":49,"column":3}},{"start":{},"end":{}}],"line":44},"3":{"loc":{"start":{"line":44,"column":6},"end":{"line":44,"column":92}},"type":"binary-expr","locations":[{"start":{"line":44,"column":6},"end":{"line":44,"column":46}},{"start":{"line":44,"column":50},"end":{"line":44,"column":92}}],"line":44},"4":{"loc":{"start":{"line":50,"column":2},"end":{"line":53,"column":3}},"type":"if","locations":[{"start":{"line":50,"column":2},"end":{"line":53,"column":3}},{"start":{},"end":{}}],"line":50},"5":{"loc":{"start":{"line":80,"column":21},"end":{"line":80,"column":43}},"type":"binary-expr","locations":[{"start":{"line":80,"column":21},"end":{"line":80,"column":35}},{"start":{"line":80,"column":39},"end":{"line":80,"column":43}}],"line":80},"6":{"loc":{"start":{"line":85,"column":14},"end":{"line":85,"column":62}},"type":"binary-expr","locations":[{"start":{"line":85,"column":14},"end":{"line":85,"column":54}},{"start":{"line":85,"column":58},"end":{"line":85,"column":62}}],"line":85},"7":{"loc":{"start":{"line":86,"column":14},"end":{"line":86,"column":62}},"type":"binary-expr","locations":[{"start":{"line":86,"column":14},"end":{"line":86,"column":54}},{"start":{"line":86,"column":58},"end":{"line":86,"column":62}}],"line":86},"8":{"loc":{"start":{"line":88,"column":14},"end":{"line":88,"column":61}},"type":"binary-expr","locations":[{"start":{"line":88,"column":14},"end":{"line":88,"column":53}},{"start":{"line":88,"column":57},"end":{"line":88,"column":61}}],"line":88},"9":{"loc":{"start":{"line":89,"column":14},"end":{"line":89,"column":61}},"type":"binary-expr","locations":[{"start":{"line":89,"column":14},"end":{"line":89,"column":53}},{"start":{"line":89,"column":57},"end":{"line":89,"column":61}}],"line":89}},"s":{"0":1,"1":0,"2":0,"3":0,"4":0,"5":0,"6":0,"7":0,"8":0,"9":0,"10":0,"11":4,"12":4,"13":4,"14":2,"15":2,"16":2,"17":2,"18":0,"19":0,"20":2,"21":2,"22":2,"23":2,"24":2,"25":0,"26":0,"27":0,"28":0,"29":0,"30":0,"31":0,"32":0,"33":0,"34":0,"35":0,"36":0,"37":0,"38":0,"39":0,"40":0,"41":0,"42":0,"43":0,"44":0,"45":0,"46":0,"47":0,"48":0},"f":{"0":0,"1":4,"2":0},"b":{"0":[0,0],"1":[2,2],"2":[2,0],"3":[2,0],"4":[0,0],"5":[0,0],"6":[0,0],"7":[0,0],"8":[0,0],"9":[0,0]},"inputSourceMap":null,"_coverageSchema":"1a1c01bbd47fc00a2c39e90264f33305004495a9","hash":"534ca8e9f045d1f7388330766af3f9639c4d6045"}
,"/Users/franky/workspace/CSCA5028/dmarc_reporter/incoming-email/src/handlers/database.js": {"path":"/Users/franky/workspace/CSCA5028/dmarc_reporter/incoming-email/src/handlers/database.js","statementMap":{"0":{"start":{"line":8,"column":15},"end":{"line":10,"column":2}},"1":{"start":{"line":12,"column":15},"end":{"line":14,"column":3}},"2":{"start":{"line":16,"column":15},"end":{"line":16,"column":48}},"3":{"start":{"line":18,"column":13},"end":{"line":29,"column":2}},"4":{"start":{"line":30,"column":0},"end":{"line":30,"column":16}},"5":{"start":{"line":34,"column":2},"end":{"line":34,"column":18}},"6":{"start":{"line":40,"column":2},"end":{"line":40,"column":16}}},"fnMap":{"0":{"name":"(anonymous_0)","decl":{"start":{"line":33,"column":1},"end":{"line":33,"column":2}},"loc":{"start":{"line":33,"column":24},"end":{"line":35,"column":2}},"line":33},"1":{"name":"(anonymous_1)","decl":{"start":{"line":39,"column":1},"end":{"line":39,"column":2}},"loc":{"start":{"line":39,"column":24},"end":{"line":41,"column":2}},"line":39}},"branchMap":{},"s":{"0":1,"1":1,"2":1,"3":1,"4":1,"5":0,"6":0},"f":{"0":0,"1":0},"b":{},"_coverageSchema":"1a1c01bbd47fc00a2c39e90264f33305004495a9","hash":"96f6fa7c06c798e639699861ffbf5c5c4af956cc"}
,"/Users/franky/workspace/CSCA5028/dmarc_reporter/incoming-email/src/handlers/sns-payload-logger.mjs": {"path":"/Users/franky/workspace/CSCA5028/dmarc_reporter/incoming-email/src/handlers/sns-payload-logger.mjs","statementMap":{"0":{"start":{"line":7,"column":39},"end":{"line":29,"column":1}},"1":{"start":{"line":8,"column":1},"end":{"line":8,"column":37}},"2":{"start":{"line":10,"column":12},"end":{"line":10,"column":66}},"3":{"start":{"line":12,"column":14},"end":{"line":12,"column":38}},"4":{"start":{"line":15,"column":18},"end":{"line":15,"column":46}},"5":{"start":{"line":16,"column":18},"end":{"line":16,"column":44}},"6":{"start":{"line":19,"column":11},"end":{"line":19,"column":50}},"7":{"start":{"line":21,"column":1},"end":{"line":27,"column":2}},"8":{"start":{"line":23,"column":17},"end":{"line":23,"column":56}},"9":{"start":{"line":24,"column":2},"end":{"line":24,"column":33}},"10":{"start":{"line":26,"column":2},"end":{"line":26,"column":91}},"11":{"start":{"line":32,"column":1},"end":{"line":55,"column":2}},"12":{"start":{"line":33,"column":2},"end":{"line":33,"column":32}},"13":{"start":{"line":34,"column":2},"end":{"line":43,"column":3}},"14":{"start":{"line":35,"column":3},"end":{"line":42,"column":4}},"15":{"start":{"line":36,"column":4},"end":{"line":36,"column":41}},"16":{"start":{"line":37,"column":18},"end":{"line":37,"column":76}},"17":{"start":{"line":38,"column":4},"end":{"line":38,"column":53}},"18":{"start":{"line":40,"column":4},"end":{"line":40,"column":20}},"19":{"start":{"line":41,"column":4},"end":{"line":41,"column":11}},"20":{"start":{"line":44,"column":2},"end":{"line":49,"column":3}},"21":{"start":{"line":45,"column":3},"end":{"line":45,"column":39}},"22":{"start":{"line":46,"column":18},"end":{"line":46,"column":48}},"23":{"start":{"line":47,"column":17},"end":{"line":47,"column":44}},"24":{"start":{"line":48,"column":3},"end":{"line":48,"column":26}},"25":{"start":{"line":50,"column":2},"end":{"line":53,"column":3}},"26":{"start":{"line":51,"column":3},"end":{"line":51,"column":43}},"27":{"start":{"line":52,"column":3},"end":{"line":52,"column":49}},"28":{"start":{"line":54,"column":2},"end":{"line":54,"column":29}},"29":{"start":{"line":59,"column":13},"end":{"line":59,"column":43}},"30":{"start":{"line":61,"column":1},"end":{"line":115,"column":2}},"31":{"start":{"line":62,"column":19},"end":{"line":62,"column":34}},"32":{"start":{"line":63,"column":19},"end":{"line":63,"column":46}},"33":{"start":{"line":64,"column":17},"end":{"line":64,"column":45}},"34":{"start":{"line":66,"column":19},"end":{"line":66,"column":116}},"35":{"start":{"line":67,"column":17},"end":{"line":67,"column":112}},"36":{"start":{"line":69,"column":14},"end":{"line":69,"column":27}},"37":{"start":{"line":70,"column":2},"end":{"line":82,"column":5}},"38":{"start":{"line":84,"column":2},"end":{"line":107,"column":3}},"39":{"start":{"line":85,"column":14},"end":{"line":85,"column":62}},"40":{"start":{"line":86,"column":14},"end":{"line":86,"column":62}},"41":{"start":{"line":88,"column":14},"end":{"line":88,"column":61}},"42":{"start":{"line":89,"column":14},"end":{"line":89,"column":61}},"43":{"start":{"line":93,"column":3},"end":{"line":106,"column":6}},"44":{"start":{"line":109,"column":2},"end":{"line":109,"column":20}},"45":{"start":{"line":110,"column":2},"end":{"line":110,"column":53}},"46":{"start":{"line":112,"column":2},"end":{"line":112,"column":22}},"47":{"start":{"line":113,"column":2},"end":{"line":113,"column":64}},"48":{"start":{"line":114,"column":2},"end":{"line":114,"column":13}}},"fnMap":{"0":{"name":"(anonymous_0)","decl":{"start":{"line":7,"column":39},"end":{"line":7,"column":40}},"loc":{"start":{"line":7,"column":65},"end":{"line":29,"column":1}},"line":7},"1":{"name":"mimeProcessor","decl":{"start":{"line":31,"column":22},"end":{"line":31,"column":35}},"loc":{"start":{"line":31,"column":46},"end":{"line":56,"column":1}},"line":31},"2":{"name":"insertDMARCReport","decl":{"start":{"line":58,"column":15},"end":{"line":58,"column":32}},"loc":{"start":{"line":58,"column":41},"end":{"line":116,"column":1}},"line":58}},"branchMap":{"0":{"loc":{"start":{"line":21,"column":1},"end":{"line":27,"column":2}},"type":"if","locations":[{"start":{"line":21,"column":1},"end":{"line":27,"column":2}},{"start":{"line":25,"column":8},"end":{"line":27,"column":2}}],"line":21},"1":{"loc":{"start":{"line":34,"column":2},"end":{"line":43,"column":3}},"type":"if","locations":[{"start":{"line":34,"column":2},"end":{"line":43,"column":3}},{"start":{},"end":{}}],"line":34},"2":{"loc":{"start":{"line":44,"column":2},"end":{"line":49,"column":3}},"type":"if","locations":[{"start":{"line":44,"column":2},"end":{"line":49,"column":3}},{"start":{},"end":{}}],"line":44},"3":{"loc":{"start":{"line":44,"column":6},"end":{"line":44,"column":92}},"type":"binary-expr","locations":[{"start":{"line":44,"column":6},"end":{"line":44,"column":46}},{"start":{"line":44,"column":50},"end":{"line":44,"column":92}}],"line":44},"4":{"loc":{"start":{"line":50,"column":2},"end":{"line":53,"column":3}},"type":"if","locations":[{"start":{"line":50,"column":2},"end":{"line":53,"column":3}},{"start":{},"end":{}}],"line":50},"5":{"loc":{"start":{"line":80,"column":21},"end":{"line":80,"column":43}},"type":"binary-expr","locations":[{"start":{"line":80,"column":21},"end":{"line":80,"column":35}},{"start":{"line":80,"column":39},"end":{"line":80,"column":43}}],"line":80},"6":{"loc":{"start":{"line":85,"column":14},"end":{"line":85,"column":62}},"type":"binary-expr","locations":[{"start":{"line":85,"column":14},"end":{"line":85,"column":54}},{"start":{"line":85,"column":58},"end":{"line":85,"column":62}}],"line":85},"7":{"loc":{"start":{"line":86,"column":14},"end":{"line":86,"column":62}},"type":"binary-expr","locations":[{"start":{"line":86,"column":14},"end":{"line":86,"column":54}},{"start":{"line":86,"column":58},"end":{"line":86,"column":62}}],"line":86},"8":{"loc":{"start":{"line":88,"column":14},"end":{"line":88,"column":61}},"type":"binary-expr","locations":[{"start":{"line":88,"column":14},"end":{"line":88,"column":53}},{"start":{"line":88,"column":57},"end":{"line":88,"column":61}}],"line":88},"9":{"loc":{"start":{"line":89,"column":14},"end":{"line":89,"column":61}},"type":"binary-expr","locations":[{"start":{"line":89,"column":14},"end":{"line":89,"column":53}},{"start":{"line":89,"column":57},"end":{"line":89,"column":61}}],"line":89}},"s":{"0":1,"1":0,"2":0,"3":0,"4":0,"5":0,"6":0,"7":0,"8":0,"9":0,"10":0,"11":4,"12":4,"13":4,"14":2,"15":2,"16":2,"17":2,"18":0,"19":0,"20":2,"21":2,"22":2,"23":2,"24":2,"25":0,"26":0,"27":0,"28":0,"29":0,"30":0,"31":0,"32":0,"33":0,"34":0,"35":0,"36":0,"37":0,"38":0,"39":0,"40":0,"41":0,"42":0,"43":0,"44":0,"45":0,"46":0,"47":0,"48":0},"f":{"0":0,"1":4,"2":0},"b":{"0":[0,0],"1":[2,2],"2":[2,0],"3":[2,0],"4":[0,0],"5":[0,0],"6":[0,0],"7":[0,0],"8":[0,0],"9":[0,0]},"inputSourceMap":null,"_coverageSchema":"1a1c01bbd47fc00a2c39e90264f33305004495a9","hash":"ef757c9f8362d12aa586be1483b4b6894069f8d6"}
}
