TN:
SF:.aws-sam/build/SNSPayloadLogger/src/handlers/database.js
FN:33,(anonymous_0)
FN:39,(anonymous_1)
FNF:2
FNH:0
FNDA:0,(anonymous_0)
FNDA:0,(anonymous_1)
DA:8,1
DA:12,1
DA:16,1
DA:18,1
DA:30,1
DA:34,0
DA:40,0
LF:7
LH:5
BRF:0
BRH:0
end_of_record
TN:
SF:.aws-sam/build/SNSPayloadLogger/src/handlers/sns-payload-logger.mjs
FN:7,(anonymous_0)
FN:31,mimeProcessor
FN:58,insertDMARCReport
FNF:3
FNH:1
FNDA:0,(anonymous_0)
FNDA:4,mimeProcessor
FNDA:0,insertDMARCReport
DA:7,1
DA:8,0
DA:10,0
DA:12,0
DA:15,0
DA:16,0
DA:19,0
DA:21,0
DA:23,0
DA:24,0
DA:26,0
DA:32,4
DA:33,4
DA:34,4
DA:35,2
DA:36,2
DA:37,2
DA:38,2
DA:40,0
DA:41,0
DA:44,2
DA:45,2
DA:46,2
DA:47,2
DA:48,2
DA:50,0
DA:51,0
DA:52,0
DA:54,0
DA:59,0
DA:61,0
DA:62,0
DA:63,0
DA:64,0
DA:66,0
DA:67,0
DA:69,0
DA:70,0
DA:84,0
DA:85,0
DA:86,0
DA:88,0
DA:89,0
DA:93,0
DA:109,0
DA:110,0
DA:112,0
DA:113,0
DA:114,0
LF:49
LH:13
BRDA:21,0,0,0
BRDA:21,0,1,0
BRDA:34,1,0,2
BRDA:34,1,1,2
BRDA:44,2,0,2
BRDA:44,2,1,0
BRDA:44,3,0,2
BRDA:44,3,1,0
BRDA:50,4,0,0
BRDA:50,4,1,0
BRDA:80,5,0,0
BRDA:80,5,1,0
BRDA:85,6,0,0
BRDA:85,6,1,0
BRDA:86,7,0,0
BRDA:86,7,1,0
BRDA:88,8,0,0
BRDA:88,8,1,0
BRDA:89,9,0,0
BRDA:89,9,1,0
BRF:20
BRH:4
end_of_record
TN:
SF:src/handlers/database.js
FN:33,(anonymous_0)
FN:39,(anonymous_1)
FNF:2
FNH:0
FNDA:0,(anonymous_0)
FNDA:0,(anonymous_1)
DA:8,1
DA:12,1
DA:16,1
DA:18,1
DA:30,1
DA:34,0
DA:40,0
LF:7
LH:5
BRF:0
BRH:0
end_of_record
TN:
SF:src/handlers/sns-payload-logger.mjs
FN:7,(anonymous_0)
FN:31,mimeProcessor
FN:58,insertDMARCReport
FNF:3
FNH:1
FNDA:0,(anonymous_0)
FNDA:4,mimeProcessor
FNDA:0,insertDMARCReport
DA:7,1
DA:8,0
DA:10,0
DA:12,0
DA:15,0
DA:16,0
DA:19,0
DA:21,0
DA:23,0
DA:24,0
DA:26,0
DA:32,4
DA:33,4
DA:34,4
DA:35,2
DA:36,2
DA:37,2
DA:38,2
DA:40,0
DA:41,0
DA:44,2
DA:45,2
DA:46,2
DA:47,2
DA:48,2
DA:50,0
DA:51,0
DA:52,0
DA:54,0
DA:59,0
DA:61,0
DA:62,0
DA:63,0
DA:64,0
DA:66,0
DA:67,0
DA:69,0
DA:70,0
DA:84,0
DA:85,0
DA:86,0
DA:88,0
DA:89,0
DA:93,0
DA:109,0
DA:110,0
DA:112,0
DA:113,0
DA:114,0
LF:49
LH:13
BRDA:21,0,0,0
BRDA:21,0,1,0
BRDA:34,1,0,2
BRDA:34,1,1,2
BRDA:44,2,0,2
BRDA:44,2,1,0
BRDA:44,3,0,2
BRDA:44,3,1,0
BRDA:50,4,0,0
BRDA:50,4,1,0
BRDA:80,5,0,0
BRDA:80,5,1,0
BRDA:85,6,0,0
BRDA:85,6,1,0
BRDA:86,7,0,0
BRDA:86,7,1,0
BRDA:88,8,0,0
BRDA:88,8,1,0
BRDA:89,9,0,0
BRDA:89,9,1,0
BRF:20
BRH:4
end_of_record
